<?xml version="1.0" encoding="UTF-8"?>
<!-- Generated by org.testng.reporters.JUnitXMLReporter -->
<testsuite ignored="0" hostname="LTIN313238" failures="1" tests="1" name="QA testCases" time="0.235" errors="0" timestamp="2025-07-04T20:10:00 IST">
  <testcase classname="com.APIFramework.tests.crud.TestCreateBooking" name="testVerifyCreatBookingPOST01" time="0.082">
    <failure type="java.lang.NullPointerException">
      <![CDATA[java.lang.NullPointerException
at com.APIFramework.tests.crud.TestCreateBooking.testVerifyCreatBookingPOST01(TestCreateBooking.java:19)
at java.base/java.util.ArrayList.forEach(ArrayList.java:1541)
... Removed 27 stack frames]]>
    </failure>
  </testcase> <!-- testVerifyCreatBookingPOST01 -->
</testsuite> <!-- QA testCases -->
