<?xml version="1.0" encoding="UTF-8"?>
<!-- Generated by org.testng.reporters.JUnitXMLReporter -->
<testsuite ignored="0" hostname="LTIN313238" failures="0" tests="13" name="QA Group Tests" time="39.687" errors="0" timestamp="2025-07-08T16:19:14 IST">
  <testcase classname="com.APIFramework.Integration.IntegrationFlow" name="testCreateBooking" time="3.711"/>
  <testcase classname="com.APIFramework.Integration.IntegrationFlow" name="testVerifyBooking" time="1.735"/>
  <testcase classname="com.APIFramework.Integration.IntegrationFlow" name="testUpdateBooking" time="3.06"/>
  <testcase classname="com.APIFramework.Integration.IntegrationFlow" name="testDeleteBooking" time="1.62"/>
  <testcase classname="com.APIFramework.Integration.IntegrationFlow2" name="testCreateBooking" time="1.652"/>
  <testcase classname="com.APIFramework.Integration.IntegrationFlow2" name="testDeleteBooking" time="3.57"/>
  <testcase classname="com.APIFramework.Integration.IntegrationFlow2" name="testVerifyBooking" time="2.408"/>
  <testcase classname="com.APIFramework.Integration.IntegrationFlow3" name="getBookingByGetAll" time="4.113"/>
  <testcase classname="com.APIFramework.Integration.IntegrationFlow3" name="testDeleteBooking" time="5.419"/>
  <testcase classname="com.APIFramework.Integration.IntegrationFlow3" name="testVerifyDeletedBooking" time="2.255"/>
  <testcase classname="com.APIFramework.Integration.IntegrationFlow4" name="testCreateBooking" time="1.752"/>
  <testcase classname="com.APIFramework.Integration.IntegrationFlow4" name="testUpdateBooking" time="4.372"/>
  <testcase classname="com.APIFramework.Integration.IntegrationFlow4" name="testDeleteBooking" time="2.41"/>
</testsuite> <!-- QA Group Tests -->
