<?xml version="1.0" encoding="UTF-8"?>
<!-- Generated by org.testng.reporters.JUnitXMLReporter -->
<testsuite ignored="0" hostname="LTIN313238" failures="0" tests="4" name="Default test" time="11.964" errors="0" timestamp="2025-07-08T14:23:33 IST">
  <testcase classname="com.APIFramework.Integration.IntegrationFlow" name="testCreateBooking" time="3.43"/>
  <testcase classname="com.APIFramework.Integration.IntegrationFlow" name="testVerifyBooking" time="1.935"/>
  <testcase classname="com.APIFramework.Integration.IntegrationFlow" name="testUpdateBooking" time="3.516"/>
  <testcase classname="com.APIFramework.Integration.IntegrationFlow" name="testDeleteBooking" time="1.791"/>
</testsuite> <!-- Default test -->
