<?xml version="1.0" encoding="UTF-8"?>
<!-- Generated by org.testng.reporters.JUnitXMLReporter -->
<testsuite ignored="4" hostname="LTIN313238" failures="0" tests="0" time="0.033" errors="0" timestamp="2025-07-04T13:01:54 IST">
  <testcase classname="com.APIFramework.sample.IntegrationSample" name="testDeleteBooking" time="0.0">
    <ignored/>
  </testcase> <!-- testDeleteBooking -->
  <testcase classname="com.APIFramework.sample.IntegrationSample" name="testUpdateBooking" time="0.0">
    <ignored/>
  </testcase> <!-- testUpdateBooking -->
  <testcase classname="com.APIFramework.sample.IntegrationSample" name="testCreateBooking" time="0.0">
    <ignored/>
  </testcase> <!-- testCreateBooking -->
  <testcase classname="com.APIFramework.sample.IntegrationSample" name="testVerifyBooking" time="0.0">
    <ignored/>
  </testcase> <!-- testVerifyBooking -->
</testsuite>
