<?xml version="1.0" encoding="UTF-8"?>
<!-- Generated by org.testng.reporters.JUnitXMLReporter -->
<testsuite ignored="0" hostname="LTIN313238" failures="0" tests="4" name="QA testCases" time="0.268" errors="0" timestamp="2025-07-04T13:02:17 IST">
  <testcase classname="com.APIFramework.sample.IntegrationSample" name="testCreateBooking" time="0.104"/>
  <testcase classname="com.APIFramework.sample.IntegrationSample" name="testVerifyBooking" time="0.004"/>
  <testcase classname="com.APIFramework.sample.IntegrationSample" name="testUpdateBooking" time="0.004"/>
  <testcase classname="com.APIFramework.sample.IntegrationSample" name="testDeleteBooking" time="0.004"/>
</testsuite> <!-- QA testCases -->
