<?xml version="1.0" encoding="UTF-8"?>
<!-- Generated by org.testng.reporters.JUnitReportReporter -->
<testsuite hostname="LTIN313238" failures="0" tests="3" name="com.APIFramework.Integration.IntegrationFlow3" time="11.787" errors="0" timestamp="2025-07-08T16:19:14 IST" skipped="0">
  <testcase classname="com.APIFramework.Integration.IntegrationFlow3" name="getBookingByGetAll" time="4.113"/>
  <testcase classname="com.APIFramework.Integration.IntegrationFlow3" name="testDeleteBooking" time="5.419"/>
  <testcase classname="com.APIFramework.Integration.IntegrationFlow3" name="testVerifyDeletedBooking" time="2.255"/>
</testsuite> <!-- com.APIFramework.Integration.IntegrationFlow3 -->
