<?xml version="1.0" encoding="UTF-8"?>
<!-- Generated by org.testng.reporters.JUnitReportReporter -->
<testsuite hostname="LTIN313238" failures="0" tests="3" name="com.APIFramework.Integration.IntegrationFlow4" time="8.534" errors="0" timestamp="2025-07-08T16:19:14 IST" skipped="0">
  <testcase classname="com.APIFramework.Integration.IntegrationFlow4" name="testCreateBooking" time="1.752"/>
  <testcase classname="com.APIFramework.Integration.IntegrationFlow4" name="testUpdateBooking" time="4.372"/>
  <testcase classname="com.APIFramework.Integration.IntegrationFlow4" name="testDeleteBooking" time="2.410"/>
</testsuite> <!-- com.APIFramework.Integration.IntegrationFlow4 -->
