<?xml version="1.0" encoding="UTF-8"?>
<!-- Generated by org.testng.reporters.JUnitReportReporter -->
<testsuite hostname="LTIN313238" failures="0" tests="4" name="com.APIFramework.Integration.IntegrationFlow" time="10.126" errors="0" timestamp="2025-07-08T16:19:14 IST" skipped="0">
  <testcase classname="com.APIFramework.Integration.IntegrationFlow" name="testCreateBooking" time="3.711"/>
  <testcase classname="com.APIFramework.Integration.IntegrationFlow" name="testVerifyBooking" time="1.735"/>
  <testcase classname="com.APIFramework.Integration.IntegrationFlow" name="testUpdateBooking" time="3.060"/>
  <testcase classname="com.APIFramework.Integration.IntegrationFlow" name="testDeleteBooking" time="1.620"/>
</testsuite> <!-- com.APIFramework.Integration.IntegrationFlow -->
