<?xml version="1.0" encoding="UTF-8"?>
<!-- Generated by org.testng.reporters.JUnitReportReporter -->
<testsuite hostname="LTIN313238" failures="0" tests="3" name="com.APIFramework.Integration.IntegrationFlow2" time="7.630" errors="0" timestamp="2025-07-08T16:19:14 IST" skipped="0">
  <testcase classname="com.APIFramework.Integration.IntegrationFlow2" name="testCreateBooking" time="1.652"/>
  <testcase classname="com.APIFramework.Integration.IntegrationFlow2" name="testDeleteBooking" time="3.570"/>
  <testcase classname="com.APIFramework.Integration.IntegrationFlow2" name="testVerifyBooking" time="2.408"/>
</testsuite> <!-- com.APIFramework.Integration.IntegrationFlow2 -->
